This is pdfTeX, Version 3.14159265-2.6-1.40.21 (MiKTeX 2.9.7300 64-bit) (preloaded format=pdflatex 2020.2.29)  30 DEC 2021 10:28
entering extended mode
**./xnovak2e.tex
(xnovak2e.tex
LaTeX2e <2020-02-02> patch level 2
L3 programming layer <2020-02-14>
("C:\Users\bígl\AppData\Local\Programs\MiKTeX 2.9\tex/latex/base\article.cls"
Document Class: article 2019/12/20 v1.4l Standard LaTeX document class
("C:\Users\bígl\AppData\Local\Programs\MiKTeX 2.9\tex/latex/base\size12.clo"
File: size12.clo 2019/12/20 v1.4l Standard LaTeX file (size option)
)
\c@part=\count167
\c@section=\count168
\c@subsection=\count169
\c@subsubsection=\count170
\c@paragraph=\count171
\c@subparagraph=\count172
\c@figure=\count173
\c@table=\count174
\abovecaptionskip=\skip47
\belowcaptionskip=\skip48
\bibindent=\dimen134
)
("C:\Users\bígl\AppData\Local\Programs\MiKTeX 2.9\tex/latex/geometry\geometry.
sty"
Package: geometry 2020/01/02 v5.9 Page Geometry

("C:\Users\bígl\AppData\Local\Programs\MiKTeX 2.9\tex/latex/graphics\keyval.st
y"
Package: keyval 2014/10/28 v1.15 key=value parser (DPC)
\KV@toks@=\toks14
)
("C:\Users\bígl\AppData\Local\Programs\MiKTeX 2.9\tex/generic/iftex\ifvtex.sty
"
Package: ifvtex 2019/10/25 v1.7 ifvtex legacy package. Use iftex instead.
 ("C:\Users\bígl\AppData\Local\Programs\MiKTeX 2.9\tex/generic/iftex\iftex.sty
"
Package: iftex 2019/11/07 v1.0c TeX engine tests
))
\Gm@cnth=\count175
\Gm@cntv=\count176
\c@Gm@tempcnt=\count177
\Gm@bindingoffset=\dimen135
\Gm@wd@mp=\dimen136
\Gm@odd@mp=\dimen137
\Gm@even@mp=\dimen138
\Gm@layoutwidth=\dimen139
\Gm@layoutheight=\dimen140
\Gm@layouthoffset=\dimen141
\Gm@layoutvoffset=\dimen142
\Gm@dimlist=\toks15

("C:\Users\bígl\AppData\Local\Programs\MiKTeX 2.9\tex/latex/geometry\geometry.
cfg"))
("C:\Users\bígl\AppData\Local\Programs\MiKTeX 2.9\tex/latex/base\fontenc.sty"
Package: fontenc 2020/02/11 v2.0o Standard LaTeX package

("C:\Users\bígl\AppData\Local\Programs\MiKTeX 2.9\tex/cslatex/base\il2enc.def"
File: il2enc.def 1997/08/20 CSLaTeX
Now handling font encoding IL2 ...
... no UTF-8 mapping file for font encoding IL2
)
LaTeX Font Info:    Trying to load font information for IL2+cmr on input line 1
12.
 ("C:\Users\bígl\AppData\Local\Programs\MiKTeX 2.9\tex/cslatex/base\il2cmr.fd"
File: il2cmr.fd 1997/02/06 CSLaTeX font definitions
))
("C:\Users\bígl\AppData\Local\Programs\MiKTeX 2.9\tex/generic/babel\babel.sty"
Package: babel 2020/02/14 3.40 The Babel package
("C:\Users\bígl\AppData\Local\Programs\MiKTeX 2.9\tex/generic/babel\switch.def
"
File: switch.def 2020/02/14 3.40 Babel switching mechanism
)
*************************************
* Local config file bblopts.cfg used
*
("C:\Users\bígl\AppData\Local\Programs\MiKTeX 2.9\tex/latex/arabi\bblopts.cfg"
File: bblopts.cfg 2005/09/08 v0.1 add Arabic and Farsi to "declared" options of
 babel
)
("C:\Users\bígl\AppData\Local\Programs\MiKTeX 2.9\tex/latex/babel-czech\czech.
ldf"
Language: czech 2008/07/06 v3.1a Czech support from the babel system

("C:\Users\bígl\AppData\Local\Programs\MiKTeX 2.9\tex/generic/babel\babel.def"
File: babel.def 2020/02/14 3.40 Babel common definitions
\babel@savecnt=\count178
\U@D=\dimen143

("C:\Users\bígl\AppData\Local\Programs\MiKTeX 2.9\tex/generic/babel\txtbabel.d
ef")
\bbl@readstream=\read2
\bbl@dirlevel=\count179
)
Package babel Info: Making " an active character on input line 172.
\cs@wordlen=\count180
Package babel Info: Making - an active character on input line 226.
))
("C:\Users\bígl\AppData\Local\Programs\MiKTeX 2.9\tex/latex/base\fontenc.sty"
Package: fontenc 2020/02/11 v2.0o Standard LaTeX package
)
("C:\Users\bígl\AppData\Local\Programs\MiKTeX 2.9\tex/latex/graphics\graphics.
sty"
Package: graphics 2019/11/30 v1.4a Standard LaTeX Graphics (DPC,SPQR)

("C:\Users\bígl\AppData\Local\Programs\MiKTeX 2.9\tex/latex/graphics\trig.sty"
Package: trig 2016/01/03 v1.10 sin cos tan (DPC)
)
("C:\Users\bígl\AppData\Local\Programs\MiKTeX 2.9\tex/latex/graphics-cfg\graph
ics.cfg"
File: graphics.cfg 2016/06/04 v1.11 sample graphics configuration
)
Package graphics Info: Driver file: pdftex.def on input line 105.

("C:\Users\bígl\AppData\Local\Programs\MiKTeX 2.9\tex/latex/graphics-def\pdfte
x.def"
File: pdftex.def 2018/01/08 v1.0l Graphics/color driver for pdftex
))
("C:\Users\bígl\AppData\Local\Programs\MiKTeX 2.9\tex/latex/hyperref\hyperref.
sty"
Package: hyperref 2020/01/14 v7.00d Hypertext links for LaTeX

("C:\Users\bígl\AppData\Local\Programs\MiKTeX 2.9\tex/generic/ltxcmds\ltxcmds.
sty"
Package: ltxcmds 2019/12/15 v1.24 LaTeX kernel commands for general use (HO)
)
("C:\Users\bígl\AppData\Local\Programs\MiKTeX 2.9\tex/latex/pdftexcmds\pdftexc
mds.sty"
Package: pdftexcmds 2019/11/24 v0.31 Utility functions of pdfTeX for LuaTeX (HO
)

("C:\Users\bígl\AppData\Local\Programs\MiKTeX 2.9\tex/generic/infwarerr\infwar
err.sty"
Package: infwarerr 2019/12/03 v1.5 Providing info/warning/error messages (HO)
)
Package pdftexcmds Info: \pdf@primitive is available.
Package pdftexcmds Info: \pdf@ifprimitive is available.
Package pdftexcmds Info: \pdfdraftmode found.
)
("C:\Users\bígl\AppData\Local\Programs\MiKTeX 2.9\tex/generic/kvsetkeys\kvsetk
eys.sty"
Package: kvsetkeys 2019/12/15 v1.18 Key value parser (HO)
)
("C:\Users\bígl\AppData\Local\Programs\MiKTeX 2.9\tex/generic/kvdefinekeys\kvd
efinekeys.sty"
Package: kvdefinekeys 2019-12-19 v1.6 Define keys (HO)
)
("C:\Users\bígl\AppData\Local\Programs\MiKTeX 2.9\tex/generic/pdfescape\pdfesc
ape.sty"
Package: pdfescape 2019/12/09 v1.15 Implements pdfTeX's escape features (HO)
)
("C:\Users\bígl\AppData\Local\Programs\MiKTeX 2.9\tex/latex/hycolor\hycolor.st
y"
Package: hycolor 2020-01-27 v1.10 Color options for hyperref/bookmark (HO)
)
("C:\Users\bígl\AppData\Local\Programs\MiKTeX 2.9\tex/latex/letltxmacro\letltx
macro.sty"
Package: letltxmacro 2019/12/03 v1.6 Let assignment for LaTeX macros (HO)
)
("C:\Users\bígl\AppData\Local\Programs\MiKTeX 2.9\tex/latex/auxhook\auxhook.st
y"
Package: auxhook 2019-12-17 v1.6 Hooks for auxiliary files (HO)
)
("C:\Users\bígl\AppData\Local\Programs\MiKTeX 2.9\tex/latex/kvoptions\kvoption
s.sty"
Package: kvoptions 2019/11/29 v3.13 Key value format for package options (HO)
)
\@linkdim=\dimen144
\Hy@linkcounter=\count181
\Hy@pagecounter=\count182

("C:\Users\bígl\AppData\Local\Programs\MiKTeX 2.9\tex/latex/hyperref\pd1enc.de
f"
File: pd1enc.def 2020/01/14 v7.00d Hyperref: PDFDocEncoding definition (HO)
Now handling font encoding PD1 ...
... no UTF-8 mapping file for font encoding PD1
)
("C:\Users\bígl\AppData\Local\Programs\MiKTeX 2.9\tex/generic/intcalc\intcalc.
sty"
Package: intcalc 2019/12/15 v1.3 Expandable calculations with integers (HO)
)
("C:\Users\bígl\AppData\Local\Programs\MiKTeX 2.9\tex/generic/etexcmds\etexcmd
s.sty"
Package: etexcmds 2019/12/15 v1.7 Avoid name clashes with e-TeX commands (HO)
)
\Hy@SavedSpaceFactor=\count183
Package hyperref Info: Hyper figures OFF on input line 4547.
Package hyperref Info: Link nesting OFF on input line 4552.
Package hyperref Info: Hyper index ON on input line 4555.
Package hyperref Info: Plain pages OFF on input line 4562.
Package hyperref Info: Backreferencing OFF on input line 4567.
Package hyperref Info: Implicit mode ON; LaTeX internals redefined.
Package hyperref Info: Bookmarks ON on input line 4800.
\c@Hy@tempcnt=\count184
 ("C:\Users\bígl\AppData\Local\Programs\MiKTeX 2.9\tex/latex/url\url.sty"
\Urlmuskip=\muskip16
Package: url 2013/09/16  ver 3.4  Verb mode for urls, etc.
)
LaTeX Info: Redefining \url on input line 5159.
\XeTeXLinkMargin=\dimen145

("C:\Users\bígl\AppData\Local\Programs\MiKTeX 2.9\tex/generic/bitset\bitset.st
y"
Package: bitset 2019/12/09 v1.3 Handle bit-vector datatype (HO)

("C:\Users\bígl\AppData\Local\Programs\MiKTeX 2.9\tex/generic/bigintcalc\bigin
tcalc.sty"
Package: bigintcalc 2019/12/15 v1.5 Expandable calculations on big integers (HO
)
))
\Fld@menulength=\count185
\Field@Width=\dimen146
\Fld@charsize=\dimen147
Package hyperref Info: Hyper figures OFF on input line 6430.
Package hyperref Info: Link nesting OFF on input line 6435.
Package hyperref Info: Hyper index ON on input line 6438.
Package hyperref Info: backreferencing OFF on input line 6445.
Package hyperref Info: Link coloring OFF on input line 6450.
Package hyperref Info: Link coloring with OCG OFF on input line 6455.
Package hyperref Info: PDF/A mode OFF on input line 6460.
LaTeX Info: Redefining \ref on input line 6500.
LaTeX Info: Redefining \pageref on input line 6504.

("C:\Users\bígl\AppData\Local\Programs\MiKTeX 2.9\tex/generic/atbegshi\atbegsh
i.sty"
Package: atbegshi 2019/12/05 v1.19 At begin shipout hook (HO)
)
\Hy@abspage=\count186
\c@Item=\count187
\c@Hfootnote=\count188
)
Package hyperref Info: Driver (autodetected): hpdftex.

("C:\Users\bígl\AppData\Local\Programs\MiKTeX 2.9\tex/latex/hyperref\hpdftex.d
ef"
File: hpdftex.def 2020/01/14 v7.00d Hyperref driver for pdfTeX

("C:\Users\bígl\AppData\Local\Programs\MiKTeX 2.9\tex/latex/atveryend\atveryen
d.sty"
Package: atveryend 2019-12-11 v1.11 Hooks at the very end of document (HO)
Package atveryend Info: \enddocument detected (standard20110627).
)
\Fld@listcount=\count189
\c@bookmark@seq@number=\count190

("C:\Users\bígl\AppData\Local\Programs\MiKTeX 2.9\tex/latex/rerunfilecheck\rer
unfilecheck.sty"
Package: rerunfilecheck 2019/12/05 v1.9 Rerun checks for auxiliary files (HO)

("C:\Users\bígl\AppData\Local\Programs\MiKTeX 2.9\tex/generic/uniquecounter\un
iquecounter.sty"
Package: uniquecounter 2019/12/15 v1.4 Provide unlimited unique counter (HO)
)
Package uniquecounter Info: New unique counter `rerunfilecheck' on input line 2
86.
)
\Hy@SectionHShift=\skip49
)
("C:\Users\bígl\AppData\Local\Programs\MiKTeX 2.9\tex/latex/amscls\amsthm.sty"
Package: amsthm 2017/10/31 v2.20.4
\thm@style=\toks16
\thm@bodyfont=\toks17
\thm@headfont=\toks18
\thm@notefont=\toks19
\thm@headpunct=\toks20
\thm@preskip=\skip50
\thm@postskip=\skip51
\thm@headsep=\skip52
\dth@everypar=\toks21
) ("C:\Users\bígl\AppData\Local\Programs\MiKTeX 2.9\tex/latex/float\float.sty"
Package: float 2001/11/08 v1.3d Float enhancements (AL)
\c@float@type=\count191
\float@exts=\toks22
\float@box=\box45
\@float@everytoks=\toks23
\@floatcapt=\box46
)
("C:\Users\bígl\AppData\Local\Programs\MiKTeX 2.9\tex/latex/l3backend\l3backen
d-pdfmode.def"
File: l3backend-pdfmode.def 2020-02-03 L3 backend support: PDF mode
\l__kernel_color_stack_int=\count192
\l__pdf_internal_box=\box47
) (xnovak2e.aux)
\openout1 = `xnovak2e.aux'.

LaTeX Font Info:    Checking defaults for OML/cmm/m/it on input line 14.
LaTeX Font Info:    ... okay on input line 14.
LaTeX Font Info:    Checking defaults for OMS/cmsy/m/n on input line 14.
LaTeX Font Info:    ... okay on input line 14.
LaTeX Font Info:    Checking defaults for OT1/cmr/m/n on input line 14.
LaTeX Font Info:    ... okay on input line 14.
LaTeX Font Info:    Checking defaults for T1/cmr/m/n on input line 14.
LaTeX Font Info:    ... okay on input line 14.
LaTeX Font Info:    Checking defaults for TS1/cmr/m/n on input line 14.
LaTeX Font Info:    ... okay on input line 14.
LaTeX Font Info:    Checking defaults for OMX/cmex/m/n on input line 14.
LaTeX Font Info:    ... okay on input line 14.
LaTeX Font Info:    Checking defaults for U/cmr/m/n on input line 14.
LaTeX Font Info:    ... okay on input line 14.
LaTeX Font Info:    Checking defaults for IL2/cmr/m/n on input line 14.
LaTeX Font Info:    ... okay on input line 14.
LaTeX Font Info:    Checking defaults for PD1/pdf/m/n on input line 14.
LaTeX Font Info:    ... okay on input line 14.

*geometry* driver: auto-detecting
*geometry* detected driver: pdftex
*geometry* verbose mode - [ preamble ] result:
* driver: pdftex
* paper: a4paper
* layout: <same size as paper>
* layoutoffset:(h,v)=(0.0pt,0.0pt)
* modes: 
* h-part:(L,W,R)=(42.67912pt, 512.1496pt, 42.67915pt)
* v-part:(T,H,B)=(71.13188pt, 711.3189pt, 62.59607pt)
* \paperwidth=597.50787pt
* \paperheight=845.04684pt
* \textwidth=512.1496pt
* \textheight=711.3189pt
* \oddsidemargin=-29.59087pt
* \evensidemargin=-29.59087pt
* \topmargin=-38.1381pt
* \headheight=12.0pt
* \headsep=25.0pt
* \topskip=12.0pt
* \footskip=30.0pt
* \marginparwidth=35.0pt
* \marginparsep=10.0pt
* \columnsep=10.0pt
* \skip\footins=10.8pt plus 4.0pt minus 2.0pt
* \hoffset=0.0pt
* \voffset=0.0pt
* \mag=1000
* \@twocolumnfalse
* \@twosidefalse
* \@mparswitchfalse
* \@reversemarginfalse
* (1in=72.27pt=25.4mm, 1cm=28.453pt)


("C:\Users\bígl\AppData\Local\Programs\MiKTeX 2.9\tex/context/base/mkii\supp-p
df.mkii"
[Loading MPS to PDF converter (version 2006.09.02).]
\scratchcounter=\count193
\scratchdimen=\dimen148
\scratchbox=\box48
\nofMPsegments=\count194
\nofMParguments=\count195
\everyMPshowfont=\toks24
\MPscratchCnt=\count196
\MPscratchDim=\dimen149
\MPnumerator=\count197
\makeMPintoPDFobject=\count198
\everyMPtoPDFconversion=\toks25
)
("C:\Users\bígl\AppData\Local\Programs\MiKTeX 2.9\tex/latex/epstopdf-pkg\epsto
pdf-base.sty"
Package: epstopdf-base 2020-01-24 v2.11 Base part for package epstopdf
Package epstopdf-base Info: Redefining graphics rule for `.eps' on input line 4
85.
)
\AtBeginShipoutBox=\box49
Package hyperref Info: Link coloring OFF on input line 14.

("C:\Users\bígl\AppData\Local\Programs\MiKTeX 2.9\tex/latex/hyperref\nameref.s
ty"
Package: nameref 2019/09/16 v2.46 Cross-referencing by name of section

("C:\Users\bígl\AppData\Local\Programs\MiKTeX 2.9\tex/latex/refcount\refcount.
sty"
Package: refcount 2019/12/15 v3.6 Data extraction from label references (HO)
)
("C:\Users\bígl\AppData\Local\Programs\MiKTeX 2.9\tex/generic/gettitlestring\g
ettitlestring.sty"
Package: gettitlestring 2019/12/15 v1.6 Cleanup title references (HO)
)
\c@section@level=\count199
)
LaTeX Info: Redefining \ref on input line 14.
LaTeX Info: Redefining \pageref on input line 14.
LaTeX Info: Redefining \nameref on input line 14.
 (xnovak2e.out) (xnovak2e.out)
\@outlinefile=\write3
\openout3 = `xnovak2e.out'.

<logo_cz.png, id=55, 2713.13625pt x 602.25pt>
File: logo_cz.png Graphic file (type png)
<use logo_cz.png>
Package pdftex.def Info: logo_cz.png  used on input line 18.
(pdftex.def)             Requested size: 2713.12965pt x 602.24852pt.
 [1

{C:/Users/bígl/AppData/Local/MiKTeX/2.9/pdftex/config/pdftex.map} <./logo_cz.p
ng>] (xnovak2e.toc
LaTeX Font Info:    External font `cmex10' loaded for size
(Font)              <12> on input line 4.
LaTeX Font Info:    External font `cmex10' loaded for size
(Font)              <8> on input line 4.
LaTeX Font Info:    External font `cmex10' loaded for size
(Font)              <6> on input line 4.
)
\tf@toc=\write4
\openout4 = `xnovak2e.toc'.


[2]
<plots/plot_1.pdf, id=87, 462.52798pt x 346.89601pt>
File: plots/plot_1.pdf Graphic file (type pdf)
<use plots/plot_1.pdf>
Package pdftex.def Info: plots/plot_1.pdf  used on input line 56.
(pdftex.def)             Requested size: 462.52684pt x 346.89516pt.
<plots/plot_2.pdf, id=88, 462.52798pt x 346.89601pt>
File: plots/plot_2.pdf Graphic file (type pdf)
<use plots/plot_2.pdf>
Package pdftex.def Info: plots/plot_2.pdf  used on input line 64.
(pdftex.def)             Requested size: 462.52684pt x 346.89516pt.


LaTeX Warning: `h' float specifier changed to `ht'.

[3 <./plots/plot_1.pdf>]
<plots/plot_3.pdf, id=134, 462.52798pt x 346.89601pt>
File: plots/plot_3.pdf Graphic file (type pdf)
<use plots/plot_3.pdf>
Package pdftex.def Info: plots/plot_3.pdf  used on input line 71.
(pdftex.def)             Requested size: 462.52684pt x 346.89516pt.


LaTeX Warning: `h' float specifier changed to `ht'.

[4 <./plots/plot_2.pdf>]
<plots/plot_4.pdf, id=186, 650.43pt x 216.81pt>
File: plots/plot_4.pdf Graphic file (type pdf)
<use plots/plot_4.pdf>
Package pdftex.def Info: plots/plot_4.pdf  used on input line 78.
(pdftex.def)             Requested size: 650.4284pt x 216.80946pt.

Overfull \hbox (73.232pt too wide) in paragraph at lines 78--79
[][] 
 []

[5 <./plots/plot_3.pdf> <./plots/plot_4.pdf

pdfTeX warning: pdflatex (file ./plots/plot_4.pdf): PDF inclusion: multiple pdf
s with page group included in a single page
>]
<plots/plot_6.pdf, id=280, 462.52798pt x 346.89601pt>
File: plots/plot_6.pdf Graphic file (type pdf)
<use plots/plot_6.pdf>
Package pdftex.def Info: plots/plot_6.pdf  used on input line 96.
(pdftex.def)             Requested size: 462.52684pt x 346.89516pt.
 [6 <./plots/plot_6.pdf>]
<plots/plot_7.1.pdf, id=330, 462.52798pt x 346.89601pt>
File: plots/plot_7.1.pdf Graphic file (type pdf)
<use plots/plot_7.1.pdf>
Package pdftex.def Info: plots/plot_7.1.pdf  used on input line 106.
(pdftex.def)             Requested size: 462.52684pt x 346.89516pt.

Overfull \hbox (31.68932pt too wide) in paragraph at lines 106--107
[][]
 []

<plots/plot_7.2.pdf, id=331, 462.52798pt x 346.89601pt>
File: plots/plot_7.2.pdf Graphic file (type pdf)
<use plots/plot_7.2.pdf>
Package pdftex.def Info: plots/plot_7.2.pdf  used on input line 111.
(pdftex.def)             Requested size: 462.52684pt x 346.89516pt.

Overfull \hbox (31.68932pt too wide) in paragraph at lines 111--112
[][]
 []

<plots/plot_7.3.pdf, id=332, 462.52798pt x 346.89601pt>
File: plots/plot_7.3.pdf Graphic file (type pdf)
<use plots/plot_7.3.pdf>
Package pdftex.def Info: plots/plot_7.3.pdf  used on input line 119.
(pdftex.def)             Requested size: 462.52684pt x 346.89516pt.

Overfull \hbox (31.68932pt too wide) in paragraph at lines 119--120
[][]
 []

<plots/plot_7.4.pdf, id=333, 462.52798pt x 346.89601pt>
File: plots/plot_7.4.pdf Graphic file (type pdf)
<use plots/plot_7.4.pdf>
Package pdftex.def Info: plots/plot_7.4.pdf  used on input line 124.
(pdftex.def)             Requested size: 462.52684pt x 346.89516pt.

Overfull \hbox (31.68932pt too wide) in paragraph at lines 124--125
[][]
 []

[7pdfTeX warning (ext4): destination with the same identifier (name{figure.1}) 
has been already used, duplicate ignored

\AtBegShi@Output ...ipout \box \AtBeginShipoutBox 
                                                  \fi \fi 
l.131 \newpage
              pdfTeX warning (ext4): destination with the same identifier (name
{figure.2}) has been already used, duplicate ignored

\AtBegShi@Output ...ipout \box \AtBeginShipoutBox 
                                                  \fi \fi 
l.131 \newpage
              pdfTeX warning (ext4): destination with the same identifier (name
{figure.3}) has been already used, duplicate ignored

\AtBegShi@Output ...ipout \box \AtBeginShipoutBox 
                                                  \fi \fi 
l.131 \newpage
              pdfTeX warning (ext4): destination with the same identifier (name
{figure.4}) has been already used, duplicate ignored

\AtBegShi@Output ...ipout \box \AtBeginShipoutBox 
                                                  \fi \fi 
l.131 \newpage
               <./plots/plot_7.1.pdf> <./plots/plot_7.2.pdf

pdfTeX warning: pdflatex (file ./plots/plot_7.2.pdf): PDF inclusion: multiple p
dfs with page group included in a single page
> <./plots/plot_7.3.pdf

pdfTeX warning: pdflatex (file ./plots/plot_7.3.pdf): PDF inclusion: multiple p
dfs with page group included in a single page
> <./plots/plot_7.4.pdf

pdfTeX warning: pdflatex (file ./plots/plot_7.4.pdf): PDF inclusion: multiple p
dfs with page group included in a single page
>]
<plots/plot_8.pdf, id=448, 462.52798pt x 346.89601pt>
File: plots/plot_8.pdf Graphic file (type pdf)
<use plots/plot_8.pdf>
Package pdftex.def Info: plots/plot_8.pdf  used on input line 135.
(pdftex.def)             Requested size: 462.52684pt x 346.89516pt.
<plots/plot_9.1.pdf, id=449, 462.52798pt x 346.89601pt>
File: plots/plot_9.1.pdf Graphic file (type pdf)
<use plots/plot_9.1.pdf>
Package pdftex.def Info: plots/plot_9.1.pdf  used on input line 145.
(pdftex.def)             Requested size: 462.52684pt x 346.89516pt.

Overfull \hbox (31.68932pt too wide) in paragraph at lines 145--146
[][] 
 []

<plots/plot_9.2.pdf, id=450, 462.52798pt x 346.89601pt>
File: plots/plot_9.2.pdf Graphic file (type pdf)
<use plots/plot_9.2.pdf>
Package pdftex.def Info: plots/plot_9.2.pdf  used on input line 149.
(pdftex.def)             Requested size: 462.52684pt x 346.89516pt.

Overfull \hbox (31.68932pt too wide) in paragraph at lines 149--150
[][] 
 []

<plots/plot_9.3.pdf, id=451, 462.52798pt x 346.89601pt>
File: plots/plot_9.3.pdf Graphic file (type pdf)
<use plots/plot_9.3.pdf>
Package pdftex.def Info: plots/plot_9.3.pdf  used on input line 157.
(pdftex.def)             Requested size: 462.52684pt x 346.89516pt.

Overfull \hbox (31.68932pt too wide) in paragraph at lines 157--158
[][] 
 []

<plots/plot_9.4.pdf, id=452, 462.52798pt x 346.89601pt>
File: plots/plot_9.4.pdf Graphic file (type pdf)
<use plots/plot_9.4.pdf>
Package pdftex.def Info: plots/plot_9.4.pdf  used on input line 161.
(pdftex.def)             Requested size: 462.52684pt x 346.89516pt.

Overfull \hbox (31.68932pt too wide) in paragraph at lines 161--162
[][] 
 []


LaTeX Warning: `!h' float specifier changed to `!ht'.

<plots/plot_9.5.pdf, id=453, 462.52798pt x 346.89601pt>
File: plots/plot_9.5.pdf Graphic file (type pdf)
<use plots/plot_9.5.pdf>
Package pdftex.def Info: plots/plot_9.5.pdf  used on input line 169.
(pdftex.def)             Requested size: 462.52684pt x 346.89516pt.

Overfull \hbox (31.68932pt too wide) in paragraph at lines 169--170
[][] 
 []

<plots/plot_9.6.pdf, id=454, 462.52798pt x 346.89601pt>
File: plots/plot_9.6.pdf Graphic file (type pdf)
<use plots/plot_9.6.pdf>
Package pdftex.def Info: plots/plot_9.6.pdf  used on input line 173.
(pdftex.def)             Requested size: 462.52684pt x 346.89516pt.

Overfull \hbox (31.68932pt too wide) in paragraph at lines 173--174
[][] 
 []


LaTeX Warning: `!h' float specifier changed to `!ht'.

<plots/plot_9.7.pdf, id=455, 462.52798pt x 346.89601pt>
File: plots/plot_9.7.pdf Graphic file (type pdf)
<use plots/plot_9.7.pdf>
Package pdftex.def Info: plots/plot_9.7.pdf  used on input line 181.
(pdftex.def)             Requested size: 462.52684pt x 346.89516pt.

Overfull \hbox (31.68932pt too wide) in paragraph at lines 181--182
[][] 
 []

<plots/plot_9.8.pdf, id=456, 462.52798pt x 346.89601pt>
File: plots/plot_9.8.pdf Graphic file (type pdf)
<use plots/plot_9.8.pdf>
Package pdftex.def Info: plots/plot_9.8.pdf  used on input line 185.
(pdftex.def)             Requested size: 462.52684pt x 346.89516pt.

Overfull \hbox (31.68932pt too wide) in paragraph at lines 185--186
[][] 
 []

[8pdfTeX warning (ext4): destination with the same identifier (name{figure.5}) 
has been already used, duplicate ignored

\AtBegShi@Output ...ipout \box \AtBeginShipoutBox 
                                                  \fi \fi 
l.189 
       <./plots/plot_8.pdf> <./plots/plot_9.1.pdf

pdfTeX warning: pdflatex (file ./plots/plot_9.1.pdf): PDF inclusion: multiple p
dfs with page group included in a single page
> <./plots/plot_9.2.pdf

pdfTeX warning: pdflatex (file ./plots/plot_9.2.pdf): PDF inclusion: multiple p
dfs with page group included in a single page
>] [9pdfTeX warning (ext4): destination with the same identifier (name{figure.6
}) has been already used, duplicate ignored

\AtBegShi@Output ...ipout \box \AtBeginShipoutBox 
                                                  \fi \fi 
l.189 
      pdfTeX warning (ext4): destination with the same identifier (name{figure.
7}) has been already used, duplicate ignored

\AtBegShi@Output ...ipout \box \AtBeginShipoutBox 
                                                  \fi \fi 
l.189 
      pdfTeX warning (ext4): destination with the same identifier (name{figure.
8}) has been already used, duplicate ignored

\AtBegShi@Output ...ipout \box \AtBeginShipoutBox 
                                                  \fi \fi 
l.189 
       <./plots/plot_9.3.pdf> <./plots/plot_9.4.pdf

pdfTeX warning: pdflatex (file ./plots/plot_9.4.pdf): PDF inclusion: multiple p
dfs with page group included in a single page
> <./plots/plot_9.5.pdf

pdfTeX warning: pdflatex (file ./plots/plot_9.5.pdf): PDF inclusion: multiple p
dfs with page group included in a single page
> <./plots/plot_9.6.pdf

pdfTeX warning: pdflatex (file ./plots/plot_9.6.pdf): PDF inclusion: multiple p
dfs with page group included in a single page
> <./plots/plot_9.7.pdf

pdfTeX warning: pdflatex (file ./plots/plot_9.7.pdf): PDF inclusion: multiple p
dfs with page group included in a single page
> <./plots/plot_9.8.pdf

pdfTeX warning: pdflatex (file ./plots/plot_9.8.pdf): PDF inclusion: multiple p
dfs with page group included in a single page
>]
Package atveryend Info: Empty hook `BeforeClearDocument' on input line 197.
 [10]
Package atveryend Info: Empty hook `AfterLastShipout' on input line 197.
 (xnovak2e.aux)
Package atveryend Info: Executing hook `AtVeryEndDocument' on input line 197.
Package atveryend Info: Executing hook `AtEndAfterFileList' on input line 197.
Package rerunfilecheck Info: File `xnovak2e.out' has not changed.
(rerunfilecheck)             Checksum: E6518A2A1BEDE89EAC8861C91E51AA72;751.
Package atveryend Info: Empty hook `AtVeryVeryEnd' on input line 197.
 ) 
Here is how much of TeX's memory you used:
 6903 strings out of 481556
 106699 string characters out of 2913869
 376541 words of memory out of 3000000
 21972 multiletter control sequences out of 15000+200000
 542837 words of font info for 44 fonts, out of 3000000 for 9000
 1141 hyphenation exceptions out of 8191
 34i,9n,33p,527b,328s stack positions out of 5000i,500n,10000p,200000b,50000s
 <C:\Users\bígl\AppData\Local\MiKTeX\2.9\fonts/pk/ljfour/jknappen/ec/dpi600\
tcrm1200.pk> <C:\Users\bígl\AppData\Local\MiKTeX\2.9\fonts/pk/ljfour/jknappen/
ec/dpi600\ecbx1440.pk> <C:\Users\bígl\AppData\Local\MiKTeX\2.9\fonts/pk/ljfour
/jknappen/ec/dpi600\ecti1200.pk> <C:\Users\bígl\AppData\Local\MiKTeX\2.9\fonts
/pk/ljfour/jknappen/ec/dpi600\ecbx1200.pk> <C:\Users\bígl\AppData\Local\MiKTeX
\2.9\fonts/pk/ljfour/jknappen/ec/dpi600\ecbx1728.pk> <C:\Users\bígl\AppData\Lo
cal\MiKTeX\2.9\fonts/pk/ljfour/jknappen/ec/dpi600\ecrm1200.pk> <C:\Users\bígl\
AppData\Local\MiKTeX\2.9\fonts/pk/ljfour/jknappen/ec/dpi600\ecrm1440.pk> <C:\Us
ers\bígl\AppData\Local\MiKTeX\2.9\fonts/pk/ljfour/jknappen/ec/dpi600\ecrm1728.
pk> <C:\Users\bígl\AppData\Local\MiKTeX\2.9\fonts/pk/ljfour/jknappen/ec/dpi600
\ecbx2488.pk>
Output written on xnovak2e.pdf (10 pages, 2286056 bytes).
PDF statistics:
 1245 PDF objects out of 1440 (max. 8388607)
 33 named destinations out of 1000 (max. 500000)
 200 words of extra memory for PDF output out of 10000 (max. 10000000)

